c:\alex\practiceguiproject-main\practiceguiproject\qtguipractice\x64\debug\vc140.pdb
c:\alex\practiceguiproject-main\practiceguiproject\qtguipractice\x64\debug\studentplotcontroller.obj
c:\alex\practiceguiproject-main\practiceguiproject\qtguipractice\x64\debug\qtguipractice.obj
c:\alex\practiceguiproject-main\practiceguiproject\qtguipractice\x64\debug\qcustomplot.obj
c:\alex\practiceguiproject-main\practiceguiproject\qtguipractice\x64\debug\main.obj
c:\alex\practiceguiproject-main\practiceguiproject\qtguipractice\x64\debug\moc_qtguipractice.obj
c:\alex\practiceguiproject-main\practiceguiproject\qtguipractice\x64\debug\moc_qcustomplot.obj
c:\alex\practiceguiproject-main\practiceguiproject\qtguipractice\x64\debug\qrc_qtguipractice.obj
c:\alex\new07\alexlassooij\practiceguiproject\qtguipractice\x64\debug\vc140.pdb
c:\alex\new07\alexlassooij\practiceguiproject\qtguipractice\x64\debug\studentplotcontroller.obj
c:\alex\new07\alexlassooij\practiceguiproject\qtguipractice\x64\debug\qtguipractice.obj
c:\alex\new07\alexlassooij\practiceguiproject\qtguipractice\x64\debug\qcustomplot.obj
c:\alex\new07\alexlassooij\practiceguiproject\qtguipractice\x64\debug\main.obj
c:\alex\new07\alexlassooij\practiceguiproject\qtguipractice\x64\debug\moc_qtguipractice.obj
c:\alex\new07\alexlassooij\practiceguiproject\qtguipractice\x64\debug\moc_qcustomplot.obj
c:\alex\new07\alexlassooij\practiceguiproject\qtguipractice\x64\debug\qrc_qtguipractice.obj
c:\alex\practiceguiproject-main\practiceguiproject\qtguipractice\generatedfiles\debug\moc_qtguipractice.cpp
c:\alex\practiceguiproject-main\practiceguiproject\qtguipractice\generatedfiles\ui_qtguipractice.h
c:\alex\practiceguiproject-main\practiceguiproject\qtguipractice\generatedfiles\debug\moc_qcustomplot.cpp
c:\alex\practiceguiproject-main\practiceguiproject\qtguipractice\generatedfiles\qrc_qtguipractice.cpp
c:\alex\new07\alexlassooij\practiceguiproject\qtguipractice\generatedfiles\debug\moc_qtguipractice.cpp
c:\alex\new07\alexlassooij\practiceguiproject\qtguipractice\generatedfiles\ui_qtguipractice.h
c:\alex\new07\alexlassooij\practiceguiproject\qtguipractice\generatedfiles\debug\moc_qcustomplot.cpp
c:\alex\new07\alexlassooij\practiceguiproject\qtguipractice\generatedfiles\qrc_qtguipractice.cpp
c:\alex\practiceguiproject-main\practiceguiproject\x64\debug\qtguipractice.ilk
c:\alex\practiceguiproject-main\practiceguiproject\x64\debug\qtguipractice.exe
c:\alex\practiceguiproject-main\practiceguiproject\x64\debug\qtguipractice.pdb
c:\alex\new07\alexlassooij\practiceguiproject\x64\debug\qtguipractice.ilk
c:\alex\new07\alexlassooij\practiceguiproject\x64\debug\qtguipractice.exe
c:\alex\new07\alexlassooij\practiceguiproject\x64\debug\qtguipractice.pdb
c:\alex\new07\alexlassooij\practiceguiproject\qtguipractice\x64\debug\qtguipractice.tlog\cl.command.1.tlog
c:\alex\new07\alexlassooij\practiceguiproject\qtguipractice\x64\debug\qtguipractice.tlog\cl.read.1.tlog
c:\alex\new07\alexlassooij\practiceguiproject\qtguipractice\x64\debug\qtguipractice.tlog\cl.write.1.tlog
c:\alex\new07\alexlassooij\practiceguiproject\qtguipractice\x64\debug\qtguipractice.tlog\custombuild.command.1.tlog
c:\alex\new07\alexlassooij\practiceguiproject\qtguipractice\x64\debug\qtguipractice.tlog\custombuild.read.1.tlog
c:\alex\new07\alexlassooij\practiceguiproject\qtguipractice\x64\debug\qtguipractice.tlog\custombuild.write.1.tlog
c:\alex\new07\alexlassooij\practiceguiproject\qtguipractice\x64\debug\qtguipractice.tlog\link.command.1.tlog
c:\alex\new07\alexlassooij\practiceguiproject\qtguipractice\x64\debug\qtguipractice.tlog\link.read.1.tlog
c:\alex\new07\alexlassooij\practiceguiproject\qtguipractice\x64\debug\qtguipractice.tlog\link.write.1.tlog
