c:\users\alexl\documents\worklearn\codebase\training\qtguipractice\qtguipractice\debug\vc140.pdb
c:\users\alexl\documents\worklearn\codebase\training\qtguipractice\qtguipractice\debug\qrc_qtguipractice.obj
c:\users\alexl\documents\worklearn\codebase\training\qtguipractice\qtguipractice\debug\main.obj
c:\users\alexl\documents\worklearn\codebase\training\qtguipractice\qtguipractice\debug\qtguipractice.obj
c:\users\alexl\documents\worklearn\codebase\training\qtguipractice\qtguipractice\debug\moc_qtguipractice.obj
c:\users\alexl\documents\worklearn\codebase\training\qtguipractice\qtguipractice\generatedfiles\debug\moc_qtguipractice.cpp
c:\users\alexl\documents\worklearn\codebase\training\qtguipractice\qtguipractice\generatedfiles\qrc_qtguipractice.cpp
c:\users\alexl\documents\worklearn\codebase\training\qtguipractice\qtguipractice\generatedfiles\ui_qtguipractice.h
c:\users\alexl\documents\worklearn\codebase\training\qtguipractice\win32\debug\qtguipractice.pdb
c:\users\alexl\documents\worklearn\codebase\training\qtguipractice\win32\debug\qtguipractice.exe
c:\users\alexl\documents\worklearn\codebase\training\qtguipractice\win32\debug\qtguipractice.ilk
c:\users\alexl\documents\worklearn\codebase\training\qtguipractice\qtguipractice\debug\qtguipractice.tlog\cl.command.1.tlog
c:\users\alexl\documents\worklearn\codebase\training\qtguipractice\qtguipractice\debug\qtguipractice.tlog\cl.read.1.tlog
c:\users\alexl\documents\worklearn\codebase\training\qtguipractice\qtguipractice\debug\qtguipractice.tlog\cl.write.1.tlog
c:\users\alexl\documents\worklearn\codebase\training\qtguipractice\qtguipractice\debug\qtguipractice.tlog\custombuild.command.1.tlog
c:\users\alexl\documents\worklearn\codebase\training\qtguipractice\qtguipractice\debug\qtguipractice.tlog\custombuild.read.1.tlog
c:\users\alexl\documents\worklearn\codebase\training\qtguipractice\qtguipractice\debug\qtguipractice.tlog\custombuild.write.1.tlog
c:\users\alexl\documents\worklearn\codebase\training\qtguipractice\qtguipractice\debug\qtguipractice.tlog\link.command.1.tlog
c:\users\alexl\documents\worklearn\codebase\training\qtguipractice\qtguipractice\debug\qtguipractice.tlog\link.read.1.tlog
c:\users\alexl\documents\worklearn\codebase\training\qtguipractice\qtguipractice\debug\qtguipractice.tlog\link.write.1.tlog
